<?xml version="1.0" encoding="UTF-8"?>
<!-- Generated by org.testng.reporters.JUnitReportReporter -->
<testsuite hostname="WIN-2C8N3BBE1O1" failures="0" tests="4" name="FunctionalTesting.login" time="6.774" errors="0" timestamp="2023-06-26T13:42:31 SGT" skipped="0">
  <testcase classname="FunctionalTesting.login" name="login" time="2.248"/>
  <system-out/>
  <testcase classname="FunctionalTesting.login" name="login" time="1.482"/>
  <system-out/>
  <testcase classname="FunctionalTesting.login" name="login" time="1.522"/>
  <system-out/>
  <testcase classname="FunctionalTesting.login" name="login" time="1.522"/>
  <system-out/>
</testsuite> <!-- FunctionalTesting.login -->
