<?xml version="1.0" encoding="UTF-8"?>
<!-- Generated by org.testng.reporters.JUnitReportReporter -->
<testsuite hostname="WIN-2C8N3BBE1O1" failures="0" tests="4" name="FunctionalTesting.Filter" time="5.847" errors="0" timestamp="2023-09-24T22:34:34 SGT" skipped="0">
  <testcase classname="FunctionalTesting.Filter" name="sortZtoA" time="1.489"/>
  <system-out/>
  <testcase classname="FunctionalTesting.Filter" name="DescendingPrice" time="1.448"/>
  <system-out/>
  <testcase classname="FunctionalTesting.Filter" name="sortAtoZ" time="1.388"/>
  <system-out/>
  <testcase classname="FunctionalTesting.Filter" name="ascendingPrice" time="1.522"/>
  <system-out/>
</testsuite> <!-- FunctionalTesting.Filter -->
