<?xml version="1.0" encoding="UTF-8"?>
<!-- Generated by org.testng.reporters.JUnitReportReporter -->
<testsuite hostname="WIN-2C8N3BBE1O1" failures="0" tests="9" name="FunctionalTesting.Checkout" time="14.541" errors="0" timestamp="2023-09-24T22:34:34 SGT" skipped="0">
  <testcase classname="FunctionalTesting.Checkout" name="checkout" time="1.673"/>
  <system-out/>
  <testcase classname="FunctionalTesting.Checkout" name="checkout" time="1.566"/>
  <system-out/>
  <testcase classname="FunctionalTesting.Checkout" name="Finish_button" time="1.759"/>
  <system-out/>
  <testcase classname="FunctionalTesting.Checkout" name="checkout" time="1.538"/>
  <system-out/>
  <testcase classname="FunctionalTesting.Checkout" name="checkout" time="1.690"/>
  <system-out/>
  <testcase classname="FunctionalTesting.Checkout" name="checkout" time="1.578"/>
  <system-out/>
  <testcase classname="FunctionalTesting.Checkout" name="Cancel" time="1.572"/>
  <system-out/>
  <testcase classname="FunctionalTesting.Checkout" name="checkout" time="1.544"/>
  <system-out/>
  <testcase classname="FunctionalTesting.Checkout" name="checkout" time="1.621"/>
  <system-out/>
</testsuite> <!-- FunctionalTesting.Checkout -->
