<?xml version="1.0" encoding="UTF-8"?>
<!-- Generated by org.testng.reporters.JUnitReportReporter -->
<testsuite hostname="WIN-2C8N3BBE1O1" failures="0" tests="2" name="FunctionalTesting.AllFunctionSD" time="4.644" errors="0" timestamp="2023-08-10T15:34:47 SGT" skipped="1">
  <testcase classname="FunctionalTesting.AllFunctionSD" name="AddtoCart" time="4.644"/>
  <system-out/>
  <testcase classname="FunctionalTesting.AllFunctionSD" name="Product">
    <skipped/>
  </testcase> <!-- Product -->
  <system-out/>
</testsuite> <!-- FunctionalTesting.AllFunctionSD -->
