<?xml version="1.0" encoding="UTF-8"?>
<!-- Generated by org.testng.reporters.JUnitReportReporter -->
<testsuite hostname="WIN-2C8N3BBE1O1" failures="0" tests="4" name="FunctionalTesting.AddToCart" time="5.619" errors="0" timestamp="2023-09-24T22:34:34 SGT" skipped="1">
  <testcase classname="FunctionalTesting.AddToCart" name="validateRemovedProductsFromCart" time="2.307"/>
  <system-out/>
  <testcase classname="FunctionalTesting.AddToCart" name="BackHome" time="1.647"/>
  <system-out/>
  <testcase classname="FunctionalTesting.AddToCart" name="AddtoCart" time="1.665"/>
  <system-out/>
  <testcase classname="FunctionalTesting.AddToCart" name="Product">
    <skipped/>
  </testcase> <!-- Product -->
  <system-out/>
</testsuite> <!-- FunctionalTesting.AddToCart -->
