<?xml version="1.0" encoding="UTF-8"?>
<!-- Generated by org.testng.reporters.JUnitReportReporter -->
<testsuite hostname="WIN-2C8N3BBE1O1" failures="0" tests="7" name="FunctionalTesting.Checkout" time="11.544" errors="0" timestamp="2023-08-10T16:27:12 SGT" skipped="0">
  <testcase classname="FunctionalTesting.Checkout" name="checkout" time="1.542"/>
  <system-out/>
  <testcase classname="FunctionalTesting.Checkout" name="checkout" time="1.577"/>
  <system-out/>
  <testcase classname="FunctionalTesting.Checkout" name="checkout" time="1.564"/>
  <system-out/>
  <testcase classname="FunctionalTesting.Checkout" name="checkout" time="1.579"/>
  <system-out/>
  <testcase classname="FunctionalTesting.Checkout" name="checkout" time="2.174"/>
  <system-out/>
  <testcase classname="FunctionalTesting.Checkout" name="checkout" time="1.575"/>
  <system-out/>
  <testcase classname="FunctionalTesting.Checkout" name="checkout" time="1.533"/>
  <system-out/>
</testsuite> <!-- FunctionalTesting.Checkout -->
