<?xml version="1.0" encoding="UTF-8"?>
<!-- Generated by org.testng.reporters.JUnitReportReporter -->
<testsuite hostname="WIN-2C8N3BBE1O1" failures="0" tests="4" name="FunctionalTesting.Login" time="5.460" errors="0" timestamp="2023-09-24T22:34:34 SGT" skipped="0">
  <testcase classname="FunctionalTesting.Login" name="login" time="1.437"/>
  <system-out/>
  <testcase classname="FunctionalTesting.Login" name="login" time="1.285"/>
  <system-out/>
  <testcase classname="FunctionalTesting.Login" name="login" time="1.440"/>
  <system-out/>
  <testcase classname="FunctionalTesting.Login" name="login" time="1.298"/>
  <system-out/>
</testsuite> <!-- FunctionalTesting.Login -->
