<?xml version="1.0" encoding="UTF-8"?>
<!-- Generated by org.testng.reporters.JUnitReportReporter -->
<testsuite hostname="WIN-2C8N3BBE1O1" failures="0" tests="10" name="FunctionalTesting.AllFunctionSD" time="14.889" errors="0" timestamp="2023-08-10T16:26:44 SGT" skipped="1">
  <testcase classname="FunctionalTesting.AllFunctionSD" name="sortZtoA" time="1.433"/>
  <system-out/>
  <testcase classname="FunctionalTesting.AllFunctionSD" name="Cancel" time="1.601"/>
  <system-out/>
  <testcase classname="FunctionalTesting.AllFunctionSD" name="sortAtoZ" time="1.754"/>
  <system-out/>
  <testcase classname="FunctionalTesting.AllFunctionSD" name="BackHome" time="1.640"/>
  <system-out/>
  <testcase classname="FunctionalTesting.AllFunctionSD" name="Finish" time="1.599"/>
  <system-out/>
  <testcase classname="FunctionalTesting.AllFunctionSD" name="validateRemovedProductsFromCart" time="1.622"/>
  <system-out/>
  <testcase classname="FunctionalTesting.AllFunctionSD" name="AddtoCart" time="1.634"/>
  <system-out/>
  <testcase classname="FunctionalTesting.AllFunctionSD" name="DescendingPrice" time="1.478"/>
  <system-out/>
  <testcase classname="FunctionalTesting.AllFunctionSD" name="ascendingPrice" time="2.128"/>
  <system-out/>
  <testcase classname="FunctionalTesting.AllFunctionSD" name="Product">
    <skipped/>
  </testcase> <!-- Product -->
  <system-out/>
</testsuite> <!-- FunctionalTesting.AllFunctionSD -->
